<?xml version="1.0" encoding="UTF-8"?>
<testng-results ignored="0" total="5" passed="5" failed="0" skipped="0">
  <reporter-output>
    <line>
      <![CDATA[login test 1]]>
    </line>
    <line>
      <![CDATA[login test 1]]>
    </line>
    <line>
      <![CDATA[login test 1]]>
    </line>
    <line>
      <![CDATA[login test 1]]>
    </line>
    <line>
      <![CDATA[login test 1]]>
    </line>
  </reporter-output>
  <suite started-at="2023-12-16T21:41:09 IST" name="Default suite" finished-at="2023-12-16T21:41:29 IST" duration-ms="19374">
    <groups>
    </groups>
    <test started-at="2023-12-16T21:41:09 IST" name="Default test" finished-at="2023-12-16T21:41:29 IST" duration-ms="19374">
      <class name="testNGBasics.LoginTest">
        <test-method signature="loginTest1(java.lang.String,java.lang.String)[pri:0, instance:testNGBasics.LoginTest@196a42c3]" started-at="2023-12-16T21:41:10 IST" name="loginTest1" data-provider="loginData" finished-at="2023-12-16T21:41:14 IST" duration-ms="4576" status="PASS">
          <params>
            <param index="0">
              <value>
                <![CDATA[nandanms@gmail.com]]>
              </value>
            </param>
            <param index="1">
              <value>
                <![CDATA[nandan@1234]]>
              </value>
            </param>
          </params>
          <reporter-output>
            <line>
              <![CDATA[login test 1]]>
            </line>
          </reporter-output>
        </test-method> <!-- loginTest1 -->
        <test-method signature="loginTest1(java.lang.String,java.lang.String)[pri:0, instance:testNGBasics.LoginTest@196a42c3]" started-at="2023-12-16T21:41:14 IST" name="loginTest1" data-provider="loginData" finished-at="2023-12-16T21:41:18 IST" duration-ms="3560" status="PASS">
          <params>
            <param index="0">
              <value>
                <![CDATA[hash@gmail.com]]>
              </value>
            </param>
            <param index="1">
              <value>
                <![CDATA[hash@1234]]>
              </value>
            </param>
          </params>
          <reporter-output>
            <line>
              <![CDATA[login test 1]]>
            </line>
          </reporter-output>
        </test-method> <!-- loginTest1 -->
        <test-method signature="loginTest1(java.lang.String,java.lang.String)[pri:0, instance:testNGBasics.LoginTest@196a42c3]" started-at="2023-12-16T21:41:18 IST" name="loginTest1" data-provider="loginData" finished-at="2023-12-16T21:41:21 IST" duration-ms="3538" status="PASS">
          <params>
            <param index="0">
              <value>
                <![CDATA[tabrez@gmail.com]]>
              </value>
            </param>
            <param index="1">
              <value>
                <![CDATA[tabrez@1234]]>
              </value>
            </param>
          </params>
          <reporter-output>
            <line>
              <![CDATA[login test 1]]>
            </line>
          </reporter-output>
        </test-method> <!-- loginTest1 -->
        <test-method signature="loginTest1(java.lang.String,java.lang.String)[pri:0, instance:testNGBasics.LoginTest@196a42c3]" started-at="2023-12-16T21:41:21 IST" name="loginTest1" data-provider="loginData" finished-at="2023-12-16T21:41:25 IST" duration-ms="3572" status="PASS">
          <params>
            <param index="0">
              <value>
                <![CDATA[pavan@gmail.com]]>
              </value>
            </param>
            <param index="1">
              <value>
                <![CDATA[pavan@1234]]>
              </value>
            </param>
          </params>
          <reporter-output>
            <line>
              <![CDATA[login test 1]]>
            </line>
          </reporter-output>
        </test-method> <!-- loginTest1 -->
        <test-method signature="loginTest1(java.lang.String,java.lang.String)[pri:0, instance:testNGBasics.LoginTest@196a42c3]" started-at="2023-12-16T21:41:25 IST" name="loginTest1" data-provider="loginData" finished-at="2023-12-16T21:41:29 IST" duration-ms="3515" status="PASS">
          <params>
            <param index="0">
              <value>
                <![CDATA[tulasi@gmail.com]]>
              </value>
            </param>
            <param index="1">
              <value>
                <![CDATA[tulasi@1234]]>
              </value>
            </param>
          </params>
          <reporter-output>
            <line>
              <![CDATA[login test 1]]>
            </line>
          </reporter-output>
        </test-method> <!-- loginTest1 -->
      </class> <!-- testNGBasics.LoginTest -->
    </test> <!-- Default test -->
  </suite> <!-- Default suite -->
</testng-results>
