<?xml version="1.0" encoding="UTF-8"?>
<!-- Generated by org.testng.reporters.JUnitXMLReporter -->
<testsuite ignored="4" hostname="DESKTOP-A5CHD3A" failures="0" tests="6" name="Test" time="28.161" errors="0" timestamp="2023-12-14T16:21:05 IST">
  <testcase classname="testScripts.BooksTest" name="addBookToCartTest" time="1.053"/>
  <testcase classname="testScripts.BooksTest" name="bookstest" time="0.832"/>
  <testcase classname="testScripts.BooksTest" name="bookstest1" time="0.668"/>
  <testcase classname="testScripts.ComputerTest" name="addBookToCartTest" time="0.953"/>
  <testcase classname="testScripts.ComputerTest" name="bookstest" time="0.939"/>
  <testcase classname="testScripts.ComputerTest" name="bookstest1" time="1.02"/>
  <testcase classname="genericLibrary.BaseClass" name="@AfterTest afterTest" time="0.0">
    <ignored/>
  </testcase> <!-- @AfterTest afterTest -->
  <testcase classname="genericLibrary.BaseClass" name="@AfterSuite afterSuite" time="0.0">
    <ignored/>
  </testcase> <!-- @AfterSuite afterSuite -->
  <testcase classname="genericLibrary.BaseClass" name="@BeforeSuite beforeSuit" time="0.0">
    <ignored/>
  </testcase> <!-- @BeforeSuite beforeSuit -->
  <testcase classname="genericLibrary.BaseClass" name="@BeforeTest beforeTest" time="0.0">
    <ignored/>
  </testcase> <!-- @BeforeTest beforeTest -->
</testsuite> <!-- Test -->
