<?xml version="1.0" encoding="UTF-8"?>
<!-- Generated by org.testng.reporters.JUnitXMLReporter -->
<testsuite ignored="0" hostname="DESKTOP-A5CHD3A" failures="0" tests="5" name="Default test" time="19.374" errors="0" timestamp="2023-12-16T21:41:29 IST">
  <testcase classname="testNGBasics.LoginTest" name="loginTest1" time="4.576"/>
  <testcase classname="testNGBasics.LoginTest" name="loginTest1" time="3.56"/>
  <testcase classname="testNGBasics.LoginTest" name="loginTest1" time="3.538"/>
  <testcase classname="testNGBasics.LoginTest" name="loginTest1" time="3.572"/>
  <testcase classname="testNGBasics.LoginTest" name="loginTest1" time="3.515"/>
</testsuite> <!-- Default test -->
